0 info it worked if it ends with ok
1 verbose cli [ 'C:\\nodejs\\node.exe',
1 verbose cli   'C:\\Users\\oriati\\AppData\\Roaming\\npm\\node_modules\\npm\\bin\\npm-cli.js',
1 verbose cli   'start' ]
2 info using npm@4.0.3
3 info using node@v7.2.0
4 verbose run-script [ 'prestart', 'start', 'poststart' ]
5 info lifecycle SimpleRESTServer@0.0.2~prestart: SimpleRESTServer@0.0.2
6 silly lifecycle SimpleRESTServer@0.0.2~prestart: no script for prestart, continuing
7 info lifecycle SimpleRESTServer@0.0.2~start: SimpleRESTServer@0.0.2
8 verbose lifecycle SimpleRESTServer@0.0.2~start: unsafe-perm in lifecycle true
9 verbose lifecycle SimpleRESTServer@0.0.2~start: PATH: C:\Users\oriati\AppData\Roaming\npm\node_modules\npm\bin\node-gyp-bin;C:\dev\Final Project\final-sprint\REST-server\node_modules\.bin;c:\Program Files (x86)\Intel\iCLS Client\;c:\Program Files\Intel\iCLS Client\;C:\WINDOWS\system32;C:\WINDOWS;C:\WINDOWS\System32\Wbem;C:\WINDOWS\System32\WindowsPowerShell\v1.0\;C:\Program Files\Intel\Intel(R) Management Engine Components\DAL;C:\Program Files\Intel\Intel(R) Management Engine Components\IPT;C:\Program Files (x86)\Intel\Intel(R) Management Engine Components\DAL;C:\Program Files (x86)\Intel\Intel(R) Management Engine Components\IPT;C:\Program Files (x86)\Windows Live\Shared;C:\nodejs\;C:\shorts;C:\Program Files\Git\cmd;C:\Program Files (x86)\Microsoft VS Code\bin;C:\Users\oriati\AppData\Local\Microsoft\WindowsApps;C:\Users\oriati\AppData\Roaming\npm;C:\Program Files\Heroku\bin
10 verbose lifecycle SimpleRESTServer@0.0.2~start: CWD: C:\dev\Final Project\final-sprint\REST-server
11 silly lifecycle SimpleRESTServer@0.0.2~start: Args: [ '/d /s /c', 'node server' ]
12 verbose stack Error: kill ENOSYS
12 verbose stack     at exports._errnoException (util.js:1022:11)
12 verbose stack     at process.kill (internal/process.js:173:13)
12 verbose stack     at process.listener (C:\Users\oriati\AppData\Roaming\npm\node_modules\npm\node_modules\npmlog\node_modules\gauge\node_modules\signal-exit\index.js:86:15)
12 verbose stack     at emitNone (events.js:91:20)
12 verbose stack     at process.emit (events.js:185:7)
12 verbose stack     at processEmit (C:\Users\oriati\AppData\Roaming\npm\node_modules\npm\node_modules\npmlog\node_modules\gauge\node_modules\signal-exit\index.js:146:32)
12 verbose stack     at processEmit (C:\Users\oriati\AppData\Roaming\npm\node_modules\npm\node_modules\npm-registry-client\node_modules\npmlog\node_modules\gauge\node_modules\signal-exit\index.js:146:32)
12 verbose stack     at Signal.wrap.onsignal (internal/process.js:200:44)
13 verbose cwd C:\dev\Final Project\final-sprint\REST-server
14 error Windows_NT 10.0.14393
15 error argv "C:\\nodejs\\node.exe" "C:\\Users\\oriati\\AppData\\Roaming\\npm\\node_modules\\npm\\bin\\npm-cli.js" "start"
16 error node v7.2.0
17 error npm  v4.0.3
18 error code ENOSYS
19 error errno ENOSYS
20 error syscall kill
21 error kill ENOSYS
22 error If you need help, you may report this error at:
22 error     <https://github.com/npm/npm/issues>
23 verbose exit [ 1, true ]
